-------------------------------------------------------------------------------
      name:  mrdeps
       log:  /Users/eptmp/Documents/GitHub/mrrobust/cscripts/mrdeps.log
  log type:  text
 opened on:  25 Jul 2024, 09:13:22

. * mrdeps cscript
. * 20jan2020
. 
. cscript mrdeps adofiles mrdeps
-------------------------------------------------------------------BEGIN mrdeps

-> which mrdeps, usesysdir
/Users/eptmp/Documents/GitHub/mrrobust/mrdeps.ado
*! version 0.1.0 18dec2018 Tom Palmer

. 
. about

StataNow/MP 18.5 for Mac (Apple Silicon)
Revision 16 Jul 2024
Copyright 1985-2023 StataCorp LLC

Total physical memory: 18.00 GB

Stata license: Unlimited-user 2-core network, expiring 29 Jan 2025
Serial number: 501809305331
  Licensed to: Tom Palmer
               University of Bristol

. 
. mrdeps
checking addplot consistency and verifying not already installed...
all files already exist and are up to date.
checking kdens consistency and verifying not already installed...
all files already exist and are up to date.
checking moremata consistency and verifying not already installed...
all files already exist and are up to date.
checking heterogi consistency and verifying not already installed...
all files already exist and are up to date.
checking metan consistency and verifying not already installed...
all files already exist and are up to date.
checking grc1leg consistency and verifying not already installed...
all files already exist and are up to date.

. 
end of do-file
      name:  mrdeps
       log:  /Users/eptmp/Documents/GitHub/mrrobust/cscripts/mrdeps.log
  log type:  text
 closed on:  25 Jul 2024, 09:13:55
-------------------------------------------------------------------------------
