----------------------------------------------------------------------------------------------------
      name:  <unnamed>
       log:  C:\Users\palmertm\Documents\all\work\mregger\code/cscripts/mregger_cscript.log
  log type:  text
 opened on:  25 Apr 2018, 16:51:28

. do "`filepath'/cscripts/`name'.do"

. * mregger cscript
. * 04jun2016
. 
. 
. *** load in dataset
. use dodata, clear

. 
. *** ldlc - analysis 1
. gen byte sel1 = (ldlcp2 < 1e-8)

. 
. *** ivw
. mregger chdbeta ldlcbeta [aw=1/(chdse^2)] if sel1==1, ivw

                                                      Number of genotypes = 73
------------------------------------------------------------------------------
             |      Coef.   Std. Err.      z    P>|z|     [95% Conf. Interval]
-------------+----------------------------------------------------------------
chdbeta      |
    ldlcbeta |   .4815055   .0597994     8.05   0.000     .3643009    .5987101
------------------------------------------------------------------------------

. assert abs(_b[ldlcbeta] - .482) < 1e-3

. assert abs(_se[ldlcbeta] - 0.060) < 1e-3

. 
. version 12: mregger chdbeta ldlcbeta [aw=1/(chdse^2)] if sel1==1, ivw

                                                      Number of genotypes = 73
------------------------------------------------------------------------------
             |      Coef.   Std. Err.      z    P>|z|     [95% Conf. Interval]
-------------+----------------------------------------------------------------
chdbeta      |
    ldlcbeta |   .4815055   .0597994     8.05   0.000     .3643009    .5987101
------------------------------------------------------------------------------

. assert abs(_b[ldlcbeta] - .482) < 1e-3

. assert abs(_se[ldlcbeta] - 0.060) < 1e-3

. 
. * check directional adjustment does not affect estimates
. gen double ycheck = chdbeta*sign(ldlcbeta)

. gen double xcheck = abs(ldlcbeta)

. regress ycheck xcheck [aw=1/(chdse^2)] if sel1==1, nocons
(sum of wgt is 243,877.358297371)

      Source |       SS           df       MS      Number of obs   =        73
-------------+----------------------------------   F(1, 72)        =     64.83
       Model |  .047506198         1  .047506198   Prob > F        =    0.0000
    Residual |  .052756209        72  .000732725   R-squared       =    0.4738
-------------+----------------------------------   Adj R-squared   =    0.4665
       Total |  .100262406        73  .001373458   Root MSE        =    .02707

------------------------------------------------------------------------------
      ycheck |      Coef.   Std. Err.      t    P>|t|     [95% Conf. Interval]
-------------+----------------------------------------------------------------
      xcheck |   .4815055   .0597994     8.05   0.000     .3622976    .6007134
------------------------------------------------------------------------------

. assert abs(_b[xcheck] - .482) < 1e-3

. assert abs(_se[xcheck] - 0.060) < 1e-3

. 
. 
. *** mregger
. mregger chdbeta ldlcbeta [aw=1/(chdse^2)] if sel1==1

                                                      Number of genotypes = 73
------------------------------------------------------------------------------
             |      Coef.   Std. Err.      z    P>|z|     [95% Conf. Interval]
-------------+----------------------------------------------------------------
sign(ldlcb~a)|
chdbeta      |
       slope |   .6173131   .1034573     5.97   0.000     .4145405    .8200858
       _cons |  -.0087706   .0054812    -1.60   0.110    -.0195136    .0019723
------------------------------------------------------------------------------
Residual standard error:  1.548

. assert abs(_b[slope] - .617) < 1e-3

. assert abs(_b[_cons] - -.009) < 1e-3

. eret list

scalars:
               e(df_r) =  .
                  e(k) =  73

macros:
            e(cmdline) : "mregger chdbeta ldlcbeta [aw=1/(chdse^2)] if sel1==1"
                e(cmd) : "mregger"
         e(properties) : "b V"

matrices:
                  e(b) :  1 x 2
                  e(V) :  2 x 2

. mregger
------------------------------------------------------------------------------
             |      Coef.   Std. Err.      z    P>|z|     [95% Conf. Interval]
-------------+----------------------------------------------------------------
sign(ldlcb~a)|
chdbeta      |
       slope |   .6173131   .1034573     5.97   0.000     .4145405    .8200858
       _cons |  -.0087706   .0054812    -1.60   0.110    -.0195136    .0019723
------------------------------------------------------------------------------

. eret list

scalars:
               e(df_r) =  .
                  e(k) =  73

macros:
            e(cmdline) : "mregger chdbeta ldlcbeta [aw=1/(chdse^2)] if sel1==1"
                e(cmd) : "mregger"
         e(properties) : "b V"

matrices:
                  e(b) :  1 x 2
                  e(V) :  2 x 2

. 
. version 12: mregger chdbeta ldlcbeta [aw=1/(chdse^2)] if sel1==1

                                                      Number of genotypes = 73
------------------------------------------------------------------------------
             |      Coef.   Std. Err.      z    P>|z|     [95% Conf. Interval]
-------------+----------------------------------------------------------------
sign(ldlcb~a)|
chdbeta      |
       slope |   .6173131   .1034573     5.97   0.000     .4145405    .8200858
       _cons |  -.0087706   .0054812    -1.60   0.110    -.0195136    .0019723
------------------------------------------------------------------------------
Residual standard error:  1.548

. assert abs(_b[slope] - .617) < 1e-3

. assert abs(_b[_cons] - -.009) < 1e-3

. 
. *** test replay
. mregger
------------------------------------------------------------------------------
             |      Coef.   Std. Err.      z    P>|z|     [95% Conf. Interval]
-------------+----------------------------------------------------------------
sign(ldlcb~a)|
chdbeta      |
       slope |   .6173131   .1034573     5.97   0.000     .4145405    .8200858
       _cons |  -.0087706   .0054812    -1.60   0.110    -.0195136    .0019723
------------------------------------------------------------------------------

. 
. ** ci level
. mregger chdbeta ldlcbeta [aw=1/(chdse^2)] if sel1==1, level(90)

                                                      Number of genotypes = 73
------------------------------------------------------------------------------
             |      Coef.   Std. Err.      z    P>|z|     [90% Conf. Interval]
-------------+----------------------------------------------------------------
sign(ldlcb~a)|
chdbeta      |
       slope |   .6173131   .1034573     5.97   0.000      .447141    .7874853
       _cons |  -.0087706   .0054812    -1.60   0.110    -.0177864    .0002451
------------------------------------------------------------------------------
Residual standard error:  1.548

. 
. 
. *** fe standard errors (default is multiplicative)
. mregger chdbeta ldlcbeta [aw=1/(chdse^2)] if sel1==1, fe

                                                      Number of genotypes = 73
------------------------------------------------------------------------------
             |      Coef.   Std. Err.      z    P>|z|     [95% Conf. Interval]
-------------+----------------------------------------------------------------
sign(ldlcb~a)|
chdbeta      |
       slope |   .6173131   .0668378     9.24   0.000     .4863134    .7483129
       _cons |  -.0087706   .0035411    -2.48   0.013     -.015711   -.0018303
------------------------------------------------------------------------------
Residual standard error: 1

. 
. version 12: mregger chdbeta ldlcbeta [aw=1/(chdse^2)] if sel1==1, fe

                                                      Number of genotypes = 73
------------------------------------------------------------------------------
             |      Coef.   Std. Err.      z    P>|z|     [95% Conf. Interval]
-------------+----------------------------------------------------------------
sign(ldlcb~a)|
chdbeta      |
       slope |   .6173131   .0668378     9.24   0.000     .4863134    .7483129
       _cons |  -.0087706   .0035411    -2.48   0.013     -.015711   -.0018303
------------------------------------------------------------------------------
Residual standard error: 1

. 
. *** re
. discard

. mregger chdbeta ldlcbeta [aw=1/(chdse^2)] if sel1==1, re noestimate

                                                      Number of genotypes = 73
---------------------------------------------------------------------------------
                |      Coef.  Legend
----------------+----------------------------------------------------------------
__000005        |
       __000006 |   .6173131  _b[__000005:__000006]
       __000007 |  -.0087706  _b[__000005:__000007]
                |
c.__000007#c.M1 |          1  _b[__000005:c.__000007#c.M1]
                |
c.__000006#c.M2 |          1  _b[__000005:c.__000006#c.M2]
                |
          _cons |          0  _b[__000005:_cons]
----------------+----------------------------------------------------------------
         var(M1)|          1  _b[/var(M1)]
         var(M2)|          1  _b[/var(M2)]
----------------+----------------------------------------------------------------
      cov(M1,M2)|          0  _b[/cov(M1,M2)]
----------------+----------------------------------------------------------------
 var(e.__000005)|          1  _b[/var(e.__000005)]
---------------------------------------------------------------------------------
Note: The above coefficient values are starting values and not the result of
      a fully fitted model.

. mat b = e(b)

. mat b[1,1] = .575

. mat b[1,2] = -.0065

. mat b[1,6] = .0046

. mat b[1,7] = .0026

. mat b[1,8] = -.00067

. mregger chdbeta ldlcbeta [aw=1/(chdse^2)] if sel1==1, re from(b)

                                                      Number of genotypes = 73
---------------------------------------------------------------------------------
                |      Coef.   Std. Err.      z    P>|z|     [95% Conf. Interval]
----------------+----------------------------------------------------------------
__000005        |
       __000006 |   .5750393   .1101168     5.22   0.000     .3592144    .7908642
       __000007 |   -.006562   .0061831    -1.06   0.289    -.0186807    .0055566
                |
c.__000007#c.M1 |          1  (constrained)
                |
c.__000006#c.M2 |          1  (constrained)
                |
          _cons |          0  (omitted)
----------------+----------------------------------------------------------------
         var(M1)|   .0004581   .0003495                      .0001027    .0020436
         var(M2)|   .0025637    .035966                      2.93e-15    2.24e+09
----------------+----------------------------------------------------------------
      cov(M1,M2)|  -.0006703   .0041576    -0.16   0.872     -.008819    .0074785
----------------+----------------------------------------------------------------
 var(e.__000005)|          1  (constrained)
---------------------------------------------------------------------------------

. eret list

scalars:
               e(rank) =  5
                  e(N) =  73
                 e(ic) =  1093
          e(converged) =  1
                 e(rc) =  0
                 e(ll) =  -134.6263572581996
               e(k_eq) =  5
               e(k_rs) =  3
               e(k_dv) =  1
                  e(k) =  73
               e(df_r) =  .
             e(n_quad) =  7
               e(k_rc) =  1

macros:
            e(cmdline) : "gsem (__000005 <- __000006 __000007 c.__000007#M1@1 c.__000006#c.M2@1).."
                e(cmd) : "gsem"
              e(title) : "Generalized structural equation model"
             e(method) : "ml"
  e(datasignaturevars) : "__000005 __000006 __000007"
      e(datasignature) : "73:3:1064742792:1196420236"
          e(intmethod) : "mvaghermite"
             e(depvar) : "__000005"
       e(marginsnotok) : "LATent1(passthru) LATent se(passthru)"
         e(covariates) : "__000006 __000007"
     e(marginsdefault) : "predict(mu outcome(__000005))"
              e(link1) : "identity"
            e(family1) : "gaussian"
            e(eqnames) : "__000005"
            e(predict) : "gsem_p"
          e(estat_cmd) : "gsem_estat"
           e(footnote) : "gsem_footnote"
                e(opt) : "moptimize"
                e(vce) : "oim"
               e(user) : "_gsem_eval_chol()"
          e(ml_method) : "gf2"
          e(technique) : "nr"
              e(which) : "max"
         e(properties) : "b V"

matrices:
                  e(b) :  1 x 9
                  e(V) :  9 x 9
                e(Cns) :  4 x 10
                 e(_N) :  1 x 1
           e(b_pclass) :  1 x 9
           e(gradient) :  1 x 9
               e(ilog) :  1 x 20

functions:
             e(sample)   

. 
. *** ivw fe SEs
. mregger chdbeta ldlcbeta [aw=1/(chdse^2)] if sel1==1, ivw fe

                                                      Number of genotypes = 73
------------------------------------------------------------------------------
             |      Coef.   Std. Err.      z    P>|z|     [95% Conf. Interval]
-------------+----------------------------------------------------------------
chdbeta      |
    ldlcbeta |   .4815055    .038221    12.60   0.000     .4065938    .5564173
------------------------------------------------------------------------------

. 
. version 12: mregger chdbeta ldlcbeta [aw=1/(chdse^2)] if sel1==1, ivw fe

                                                      Number of genotypes = 73
------------------------------------------------------------------------------
             |      Coef.   Std. Err.      z    P>|z|     [95% Conf. Interval]
-------------+----------------------------------------------------------------
chdbeta      |
    ldlcbeta |   .4815055    .038221    12.60   0.000     .4065938    .5564173
------------------------------------------------------------------------------

. 
. *** ivw re
. mregger chdbeta ldlcbeta [aw=1/(chdse^2)] if sel1==1, ivw re noestimate

                                                      Number of genotypes = 73
---------------------------------------------------------------------------------
                |      Coef.   Std. Err.      z    P>|z|     [95% Conf. Interval]
----------------+----------------------------------------------------------------
__000003        |
       __000004 |   .4174657   .0763786     5.47   0.000     .2677665    .5671649
                |
 c.__000004#c.M |          1  (constrained)
                |
          _cons |          0  (omitted)
----------------+----------------------------------------------------------------
          var(M)|   .2183501     .07821                      .1082093    .4405976
----------------+----------------------------------------------------------------
 var(e.__000003)|          1  (constrained)
---------------------------------------------------------------------------------

. mat b = e(b)

. mat b[1,1] = .417

. mat b[1,4] = .218

. mregger chdbeta ldlcbeta [aw=1/(chdse^2)] if sel1==1, ivw re from(b)

                                                      Number of genotypes = 73
---------------------------------------------------------------------------------
                |      Coef.   Std. Err.      z    P>|z|     [95% Conf. Interval]
----------------+----------------------------------------------------------------
__000003        |
       __000004 |   .4174657   .0763786     5.47   0.000     .2677665    .5671649
                |
 c.__000004#c.M |          1  (constrained)
                |
          _cons |          0  (omitted)
----------------+----------------------------------------------------------------
          var(M)|   .2183501     .07821                      .1082093    .4405976
----------------+----------------------------------------------------------------
 var(e.__000003)|          1  (constrained)
---------------------------------------------------------------------------------

. 
. rcof "version 12: noi mregger chdbeta ldlcbeta [aw=1/(chdse^2)] if sel1==1, re" ///
>         == 9
option re requires Stata version 13 or higher

. 
. rcof "noi mregger chdbeta ldlcbeta [aw=1/(chdse^2)] if sel1==1, ivw recons" ///
>         == 198
option  recons must be specified with option re

.         
. rcof "noi mregger chdbeta ldlcbeta [aw=1/(chdse^2)] if sel1==1, ivw reslope" ///
>         == 198
option reslope  must be specified with option re

. 
. rcof "noi mregger chdbeta ldlcbeta [aw=1/(chdse^2)] if sel1==1, ivw recons reslope" ///
>         == 198
option reslope recons must be specified with option re

. 
. rcof "noi mregger chdbeta ldlcbeta [aw=1/(chdse^2)] if sel1==1, ivw re recons" == 198
For IVW estimator option recons not allowed for re estimation (as there is no constant)

. 
. mregger chdbeta ldlcbeta [aw=1/(chdse^2)] if sel1==1, re recons

                                                      Number of genotypes = 73
---------------------------------------------------------------------------------
                |      Coef.   Std. Err.      z    P>|z|     [95% Conf. Interval]
----------------+----------------------------------------------------------------
__000005        |
       __000006 |   .5757058    .090025     6.39   0.000       .39926    .7521516
       __000007 |  -.0067281   .0052399    -1.28   0.199    -.0169982    .0035419
                |
 c.__000007#c.M |          1  (constrained)
                |
          _cons |          0  (omitted)
----------------+----------------------------------------------------------------
          var(M)|   .0004071   .0001242                      .0002239    .0007401
----------------+----------------------------------------------------------------
 var(e.__000005)|          1  (constrained)
---------------------------------------------------------------------------------

. 
. *** reslope
. mregger chdbeta ldlcbeta [aw=1/(chdse^2)] if sel1==1, re reslope

                                                      Number of genotypes = 73
---------------------------------------------------------------------------------
                |      Coef.   Std. Err.      z    P>|z|     [95% Conf. Interval]
----------------+----------------------------------------------------------------
__000005        |
       __000006 |   .8014091   .1664081     4.82   0.000     .4752552    1.127563
       __000007 |  -.0167298    .006602    -2.53   0.011    -.0296695     -.00379
                |
 c.__000006#c.M |          1  (constrained)
                |
          _cons |          0  (omitted)
----------------+----------------------------------------------------------------
          var(M)|    .192504   .0699222                      .0944632    .3922988
----------------+----------------------------------------------------------------
 var(e.__000005)|          1  (constrained)
---------------------------------------------------------------------------------

. 
. *** both
. mregger chdbeta ldlcbeta [aw=1/(chdse^2)] if sel1==1, re recons reslope noestimate

                                                      Number of genotypes = 73
---------------------------------------------------------------------------------
                |      Coef.  Legend
----------------+----------------------------------------------------------------
__000005        |
       __000006 |   .6173131  _b[__000005:__000006]
       __000007 |  -.0087706  _b[__000005:__000007]
                |
c.__000007#c.M1 |          1  _b[__000005:c.__000007#c.M1]
                |
c.__000006#c.M2 |          1  _b[__000005:c.__000006#c.M2]
                |
          _cons |          0  _b[__000005:_cons]
----------------+----------------------------------------------------------------
         var(M1)|          1  _b[/var(M1)]
         var(M2)|          1  _b[/var(M2)]
----------------+----------------------------------------------------------------
      cov(M1,M2)|          0  _b[/cov(M1,M2)]
----------------+----------------------------------------------------------------
 var(e.__000005)|          1  _b[/var(e.__000005)]
---------------------------------------------------------------------------------
Note: The above coefficient values are starting values and not the result of
      a fully fitted model.

. mat b = e(b)

. mat b[1,1] = .575

. mat b[1,2] = -.0065

. mat b[1,6] = .0046

. mat b[1,7] = .0026

. mat b[1,8] = -.00067

. mregger chdbeta ldlcbeta [aw=1/(chdse^2)] if sel1==1, re recons reslope from(b)

                                                      Number of genotypes = 73
---------------------------------------------------------------------------------
                |      Coef.   Std. Err.      z    P>|z|     [95% Conf. Interval]
----------------+----------------------------------------------------------------
__000005        |
       __000006 |   .5750393   .1101168     5.22   0.000     .3592144    .7908642
       __000007 |   -.006562   .0061831    -1.06   0.289    -.0186807    .0055566
                |
c.__000007#c.M1 |          1  (constrained)
                |
c.__000006#c.M2 |          1  (constrained)
                |
          _cons |          0  (omitted)
----------------+----------------------------------------------------------------
         var(M1)|   .0004581   .0003495                      .0001027    .0020436
         var(M2)|   .0025637    .035966                      2.93e-15    2.24e+09
----------------+----------------------------------------------------------------
      cov(M1,M2)|  -.0006703   .0041576    -0.16   0.872     -.008819    .0074785
----------------+----------------------------------------------------------------
 var(e.__000005)|          1  (constrained)
---------------------------------------------------------------------------------

. 
. *** gsemopts
. mregger chdbeta ldlcbeta [aw=1/(chdse^2)] if sel1==1, re recons vce(robust)

                                                      Number of genotypes = 73
---------------------------------------------------------------------------------
                |               Robust
                |      Coef.   Std. Err.      z    P>|z|     [95% Conf. Interval]
----------------+----------------------------------------------------------------
__000005        |
       __000006 |   .5757058   .0888637     6.48   0.000     .4015362    .7498755
       __000007 |  -.0067281   .0051872    -1.30   0.195    -.0168949    .0034386
                |
 c.__000007#c.M |          1  (constrained)
                |
          _cons |          0  (omitted)
----------------+----------------------------------------------------------------
          var(M)|   .0004071   .0001586                      .0001897    .0008737
----------------+----------------------------------------------------------------
 var(e.__000005)|          1  (constrained)
---------------------------------------------------------------------------------

. 
. * level
. mregger chdbeta ldlcbeta [aw=1/(chdse^2)] if sel1==1, level(90)

                                                      Number of genotypes = 73
------------------------------------------------------------------------------
             |      Coef.   Std. Err.      z    P>|z|     [90% Conf. Interval]
-------------+----------------------------------------------------------------
sign(ldlcb~a)|
chdbeta      |
       slope |   .6173131   .1034573     5.97   0.000      .447141    .7874853
       _cons |  -.0087706   .0054812    -1.60   0.110    -.0177864    .0002451
------------------------------------------------------------------------------
Residual standard error:  1.548

. mregger
------------------------------------------------------------------------------
             |      Coef.   Std. Err.      z    P>|z|     [95% Conf. Interval]
-------------+----------------------------------------------------------------
sign(ldlcb~a)|
chdbeta      |
       slope |   .6173131   .1034573     5.97   0.000     .4145405    .8200858
       _cons |  -.0087706   .0054812    -1.60   0.110    -.0195136    .0019723
------------------------------------------------------------------------------

. mregger, level(90)
------------------------------------------------------------------------------
             |      Coef.   Std. Err.      z    P>|z|     [90% Conf. Interval]
-------------+----------------------------------------------------------------
sign(ldlcb~a)|
chdbeta      |
       slope |   .6173131   .1034573     5.97   0.000      .447141    .7874853
       _cons |  -.0087706   .0054812    -1.60   0.110    -.0177864    .0002451
------------------------------------------------------------------------------

. 
. mregger chdbeta ldlcbeta [aw=1/(chdse^2)] if sel1==1, tdist level(90) 

                                                      Number of genotypes = 73
------------------------------------------------------------------------------
             |      Coef.   Std. Err.      t    P>|t|     [90% Conf. Interval]
-------------+----------------------------------------------------------------
sign(ldlcb~a)|
chdbeta      |
       slope |   .6173131   .1034573     5.97   0.000     .4448912    .7897351
       _cons |  -.0087706   .0054812    -1.60   0.114    -.0179056    .0003643
------------------------------------------------------------------------------
Residual standard error:  1.548

. mregger, level(95)
------------------------------------------------------------------------------
             |      Coef.   Std. Err.      t    P>|t|     [95% Conf. Interval]
-------------+----------------------------------------------------------------
sign(ldlcb~a)|
chdbeta      |
       slope |   .6173131   .1034573     5.97   0.000     .4110251    .8236012
       _cons |  -.0087706   .0054812    -1.60   0.114    -.0196998    .0021585
------------------------------------------------------------------------------

. 
. mregger chdbeta ldlcbeta [aw=1/(chdse^2)] if sel1==1, tdist ivw

                                                      Number of genotypes = 73
------------------------------------------------------------------------------
             |      Coef.   Std. Err.      t    P>|t|     [95% Conf. Interval]
-------------+----------------------------------------------------------------
chdbeta      |
    ldlcbeta |   .4815055   .0597994     8.05   0.000     .3622976    .6007134
------------------------------------------------------------------------------

. mregger, level(90)
------------------------------------------------------------------------------
             |      Coef.   Std. Err.      t    P>|t|     [90% Conf. Interval]
-------------+----------------------------------------------------------------
chdbeta      |
    ldlcbeta |   .4815055   .0597994     8.05   0.000     .3818622    .5811488
------------------------------------------------------------------------------

. 
. mregger chdbeta ldlcbeta [aw=1/(chdse^2)] if sel1==1, tdist ivw level(90)

                                                      Number of genotypes = 73
------------------------------------------------------------------------------
             |      Coef.   Std. Err.      t    P>|t|     [90% Conf. Interval]
-------------+----------------------------------------------------------------
chdbeta      |
    ldlcbeta |   .4815055   .0597994     8.05   0.000     .3818622    .5811488
------------------------------------------------------------------------------

. mregger, level(95)
------------------------------------------------------------------------------
             |      Coef.   Std. Err.      t    P>|t|     [95% Conf. Interval]
-------------+----------------------------------------------------------------
chdbeta      |
    ldlcbeta |   .4815055   .0597994     8.05   0.000     .3622976    .6007134
------------------------------------------------------------------------------

. 
. mregger chdbeta ldlcbeta [aw=1/(chdse^2)] if sel1==1, tdist ivw fe

                                                      Number of genotypes = 73
------------------------------------------------------------------------------
             |      Coef.   Std. Err.      t    P>|t|     [95% Conf. Interval]
-------------+----------------------------------------------------------------
chdbeta      |
    ldlcbeta |   .4815055    .038221    12.60   0.000     .4053134    .5576976
------------------------------------------------------------------------------

. mregger, level(90)
------------------------------------------------------------------------------
             |      Coef.   Std. Err.      t    P>|t|     [90% Conf. Interval]
-------------+----------------------------------------------------------------
chdbeta      |
    ldlcbeta |   .4815055    .038221    12.60   0.000     .4178181    .5451929
------------------------------------------------------------------------------

. 
. mregger chdbeta ldlcbeta [aw=1/(chdse^2)] if sel1==1, tdist ivw penw

                                                      Number of genotypes = 73
------------------------------------------------------------------------------
             |      Coef.   Std. Err.      t    P>|t|     [95% Conf. Interval]
-------------+----------------------------------------------------------------
chdbeta      |
    ldlcbeta |   .4650819   .0399012    11.66   0.000     .3855403    .5446234
------------------------------------------------------------------------------

. 
. /*
> *** hdlc exposure
> gen byte sel2 = (hdlcp2 < 1e-8)
> mregger chdbeta hdlcbeta [aw=1/(chdse^2)] if sel2==1, re recons reslope
> 
> *** trigs exposure
> gen byte sel3 = (tgp2 < 1e-8)
> mregger chdbeta tgbeta [aw=1/(chdse^2)] if sel3==1, re recons reslope
> */
. 
. *** ivw fe SEs
. mregger chdbeta ldlcbeta [aw=1/(chdse^2)] if sel1==1, ivw fe

                                                      Number of genotypes = 73
------------------------------------------------------------------------------
             |      Coef.   Std. Err.      z    P>|z|     [95% Conf. Interval]
-------------+----------------------------------------------------------------
chdbeta      |
    ldlcbeta |   .4815055    .038221    12.60   0.000     .4065938    .5564173
------------------------------------------------------------------------------

. 
. *** heterogi option - changed from noheterogi
. mregger chdbeta ldlcbeta [aw=1/(chdse^2)] if sel1==1, heterogi

                                                      Number of genotypes = 73
------------------------------------------------------------------------------
             |      Coef.   Std. Err.      z    P>|z|     [95% Conf. Interval]
-------------+----------------------------------------------------------------
sign(ldlcb~a)|
chdbeta      |
       slope |   .6173131   .1034573     5.97   0.000     .4145405    .8200858
       _cons |  -.0087706   .0054812    -1.60   0.110    -.0195136    .0019723
------------------------------------------------------------------------------
Residual standard error:  1.548
Heterogeneity/pleiotropy statistics:
------------------------------------------------------
Statistic |       Estimate        [95% Conf. Interval]
----------+-------------------------------------------
        H |          1.5               1.4    1.8     
      I^2 |          58                 46    68      
------------------------------------------------------
Q-test = 170.11187 d.f. = 71 p-value = 0.0000

. mregger
------------------------------------------------------------------------------
             |      Coef.   Std. Err.      z    P>|z|     [95% Conf. Interval]
-------------+----------------------------------------------------------------
sign(ldlcb~a)|
chdbeta      |
       slope |   .6173131   .1034573     5.97   0.000     .4145405    .8200858
       _cons |  -.0087706   .0054812    -1.60   0.110    -.0195136    .0019723
------------------------------------------------------------------------------

. 
. mregger chdbeta ldlcbeta [aw=1/(chdse^2)] if sel1==1, het

                                                      Number of genotypes = 73
------------------------------------------------------------------------------
             |      Coef.   Std. Err.      z    P>|z|     [95% Conf. Interval]
-------------+----------------------------------------------------------------
sign(ldlcb~a)|
chdbeta      |
       slope |   .6173131   .1034573     5.97   0.000     .4145405    .8200858
       _cons |  -.0087706   .0054812    -1.60   0.110    -.0195136    .0019723
------------------------------------------------------------------------------
Residual standard error:  1.548
Heterogeneity/pleiotropy statistics:
------------------------------------------------------
Statistic |       Estimate        [95% Conf. Interval]
----------+-------------------------------------------
        H |          1.5               1.4    1.8     
      I^2 |          58                 46    68      
------------------------------------------------------
Q-test = 170.11187 d.f. = 71 p-value = 0.0000

. mregger
------------------------------------------------------------------------------
             |      Coef.   Std. Err.      z    P>|z|     [95% Conf. Interval]
-------------+----------------------------------------------------------------
sign(ldlcb~a)|
chdbeta      |
       slope |   .6173131   .1034573     5.97   0.000     .4145405    .8200858
       _cons |  -.0087706   .0054812    -1.60   0.110    -.0195136    .0019723
------------------------------------------------------------------------------

. 
. mregger chdbeta ldlcbeta [aw=1/(chdse^2)] if sel1==1, ivw heterogi

                                                      Number of genotypes = 73
------------------------------------------------------------------------------
             |      Coef.   Std. Err.      z    P>|z|     [95% Conf. Interval]
-------------+----------------------------------------------------------------
chdbeta      |
    ldlcbeta |   .4815055   .0597994     8.05   0.000     .3643009    .5987101
------------------------------------------------------------------------------
Heterogeneity/pleiotropy statistics:
------------------------------------------------------
Statistic |       Estimate        [95% Conf. Interval]
----------+-------------------------------------------
        H |          1.6               1.4    1.8     
      I^2 |          59                 47    68      
------------------------------------------------------
Q-test = 176.24718 d.f. = 72 p-value = 0.0000

. mregger
------------------------------------------------------------------------------
             |      Coef.   Std. Err.      z    P>|z|     [95% Conf. Interval]
-------------+----------------------------------------------------------------
chdbeta      |
    ldlcbeta |   .4815055   .0597994     8.05   0.000     .3643009    .5987101
------------------------------------------------------------------------------

. 
. mregger chdbeta ldlcbeta [aw=1/(chdse^2)] if sel1==1, ivw het

                                                      Number of genotypes = 73
------------------------------------------------------------------------------
             |      Coef.   Std. Err.      z    P>|z|     [95% Conf. Interval]
-------------+----------------------------------------------------------------
chdbeta      |
    ldlcbeta |   .4815055   .0597994     8.05   0.000     .3643009    .5987101
------------------------------------------------------------------------------
Heterogeneity/pleiotropy statistics:
------------------------------------------------------
Statistic |       Estimate        [95% Conf. Interval]
----------+-------------------------------------------
        H |          1.6               1.4    1.8     
      I^2 |          59                 47    68      
------------------------------------------------------
Q-test = 176.24718 d.f. = 72 p-value = 0.0000

. mregger
------------------------------------------------------------------------------
             |      Coef.   Std. Err.      z    P>|z|     [95% Conf. Interval]
-------------+----------------------------------------------------------------
chdbeta      |
    ldlcbeta |   .4815055   .0597994     8.05   0.000     .3643009    .5987101
------------------------------------------------------------------------------

. 
. mregger chdbeta ldlcbeta [aw=1/(chdse^2)] if sel1==1, heterogi penweighted
Residual variance = .97685468; rerunning with residual variance set to 1

                                                      Number of genotypes = 73
------------------------------------------------------------------------------
             |      Coef.   Std. Err.      z    P>|z|     [95% Conf. Interval]
-------------+----------------------------------------------------------------
sign(ldlcb~a)|
chdbeta      |
       slope |   .5274159   .0681008     7.74   0.000     .3939408    .6608911
       _cons |  -.0050223   .0036849    -1.36   0.173    -.0122446    .0022001
------------------------------------------------------------------------------
Residual standard error:  0.988

. 
. mregger chdbeta ldlcbeta [aw=1/(chdse^2)] if sel1==1, ivw heterogi penweighted

                                                      Number of genotypes = 73
------------------------------------------------------------------------------
             |      Coef.   Std. Err.      z    P>|z|     [95% Conf. Interval]
-------------+----------------------------------------------------------------
chdbeta      |
    ldlcbeta |   .4650819   .0399012    11.66   0.000      .386877    .5432867
------------------------------------------------------------------------------

. 
. mregger chdbeta ldlcbeta [aw=1/(chdse^2)] if sel1==1

                                                      Number of genotypes = 73
------------------------------------------------------------------------------
             |      Coef.   Std. Err.      z    P>|z|     [95% Conf. Interval]
-------------+----------------------------------------------------------------
sign(ldlcb~a)|
chdbeta      |
       slope |   .6173131   .1034573     5.97   0.000     .4145405    .8200858
       _cons |  -.0087706   .0054812    -1.60   0.110    -.0195136    .0019723
------------------------------------------------------------------------------
Residual standard error:  1.548

. mregger
------------------------------------------------------------------------------
             |      Coef.   Std. Err.      z    P>|z|     [95% Conf. Interval]
-------------+----------------------------------------------------------------
sign(ldlcb~a)|
chdbeta      |
       slope |   .6173131   .1034573     5.97   0.000     .4145405    .8200858
       _cons |  -.0087706   .0054812    -1.60   0.110    -.0195136    .0019723
------------------------------------------------------------------------------

. 
. mregger chdbeta ldlcbeta [aw=1/(chdse^2)] if sel1==1, ivw

                                                      Number of genotypes = 73
------------------------------------------------------------------------------
             |      Coef.   Std. Err.      z    P>|z|     [95% Conf. Interval]
-------------+----------------------------------------------------------------
chdbeta      |
    ldlcbeta |   .4815055   .0597994     8.05   0.000     .3643009    .5987101
------------------------------------------------------------------------------

. eret list

scalars:
               e(df_r) =  .
                  e(k) =  73

macros:
            e(cmdline) : "mregger chdbeta ldlcbeta [aw=1/(chdse^2)] if sel1==1, ivw"
                e(cmd) : "mregger"
         e(properties) : "b V"

matrices:
                  e(b) :  1 x 1
                  e(V) :  1 x 1

. mregger
------------------------------------------------------------------------------
             |      Coef.   Std. Err.      z    P>|z|     [95% Conf. Interval]
-------------+----------------------------------------------------------------
chdbeta      |
    ldlcbeta |   .4815055   .0597994     8.05   0.000     .3643009    .5987101
------------------------------------------------------------------------------

. 
. *** check the i^2 and q stats for this example
. gen double ivests = chdbeta/ldlcbeta if sel1==1
(112 missing values generated)

. gen double se = .
(185 missing values generated)

. local n = _N

. qui forvalues i = 1/`n' {

. replace se = . if sel1==0
(112 real changes made, 112 to missing)

. gen double sefdm = chdse/abs(ldlcbeta) if sel1==1 
(112 missing values generated)

. list se sefdm if sel1==1

     +-----------------------+
     |        se       sefdm |
     |-----------------------|
  1. | .41620703   .41421335 |
  3. | .25490917   .25388702 |
  5. | .30920822   .30800915 |
  6. | .50182747   .49970253 |
  8. | .10896332   .10777225 |
     |-----------------------|
  9. | .77946727   .75891504 |
 10. | .65123353   .65110063 |
 14. | .47081638   .46589113 |
 15. | .60441547   .57803354 |
 18. | .32720374   .32720008 |
     |-----------------------|
 19. | .12866373    .1282934 |
 20. | .13857245   .13769139 |
 23. | .20613456   .20249612 |
 24. | .49622189   .49227703 |
 25. | .63882794   .62885202 |
     |-----------------------|
 26. |  .5282771   .52096301 |
 28. | .57251621   .57065087 |
 31. | .63534627   .63275717 |
 33. | .81148225   .77342728 |
 36. | .53961247   .53181641 |
     |-----------------------|
 42. |  .6747876   .60878681 |
 56. | .19569181   .19431952 |
 57. | .49836398   .49710325 |
 58. | .31941661   .31713217 |
 59. | .47912203   .47894779 |
     |-----------------------|
 60. | .48081609   .47768152 |
 61. | .66578104   .63301225 |
 65. | .54232304   .53255152 |
 69. | .47461549   .46356957 |
 70. | .41631225   .39516211 |
     |-----------------------|
 74. |  .4954845   .49475005 |
 75. | .71267175    .7049174 |
 76. | .54478026   .54305114 |
 77. | .41216395   .40576627 |
 84. | .37355841   .37241555 |
     |-----------------------|
 90. | .52182104   .51904619 |
 91. | .43538972   .43501965 |
 93. | .50069571   .49961178 |
 95. | .58119533   .54903571 |
 96. | .26260854   .25373282 |
     |-----------------------|
 98. | .42055763   .41897469 |
 99. | .59390941   .58010431 |
102. | .57055061   .56641616 |
104. | .44522459   .43501946 |
105. |  .2919475   .27459403 |
     |-----------------------|
110. | .52697302   .52588585 |
113. | .51847418   .48870899 |
118. | .65118315   .65034413 |
119. | .28529493   .28528308 |
122. |  .3943812   .35985138 |
     |-----------------------|
125. | .38022371   .36931131 |
130. | .89866272   .70429776 |
131. | .71121548   .62593135 |
133. | .44088436   .39438585 |
136. | .81812597   .81812597 |
     |-----------------------|
138. | .65987167   .65547617 |
149. | .70195316   .70017926 |
152. | .48524227   .47467397 |
153. | .28687074   .28357557 |
155. | .60713808   .60359458 |
     |-----------------------|
159. | .51730752   .51328701 |
166. | .15971813   .15888854 |
167. |  .2704075   .26080546 |
168. |  .2527411   .24648094 |
171. | .24225166   .24202126 |
     |-----------------------|
172. | .16869525   .16852346 |
173. | .54992353   .54990481 |
176. | .56630617   .56462456 |
177. | .93462319   .93415893 |
179. | .40555349   .40291862 |
     |-----------------------|
180. | .33204247   .32967475 |
181. | .63341594   .62983783 |
184. | .66640616   .66611186 |
     +-----------------------+

. metan ivests se if sel1==1, nograph

           Study     |     ES    [95% Conf. Interval]     % Weight
---------------------+---------------------------------------------------
1                    |  0.364      -0.452     1.179          0.87
3                    |  0.395      -0.105     0.894          2.31
5                    | -0.347      -0.953     0.259          1.57
6                    |  0.353      -0.631     1.337          0.60
8                    |  0.587       0.374     0.801         12.66
9                    |  1.120      -0.408     2.648          0.25
10                   |  0.082      -1.195     1.358          0.35
14                   |  0.571      -0.351     1.494          0.68
15                   | -1.148      -2.333     0.036          0.41
18                   | -0.016      -0.658     0.625          1.40
19                   |  0.292       0.039     0.544          9.08
20                   |  0.457       0.186     0.729          7.83
23                   |  0.753       0.349     1.157          3.54
24                   |  0.591      -0.382     1.563          0.61
25                   |  0.708      -0.544     1.960          0.37
26                   |  0.653      -0.382     1.688          0.54
28                   | -0.316      -1.438     0.806          0.46
31                   | -0.332      -1.577     0.913          0.37
33                   | -1.417      -3.007     0.174          0.23
36                   |  0.667      -0.391     1.724          0.52
42                   |  1.833       0.511     3.156          0.33
56                   |  0.452       0.069     0.836          3.92
57                   | -0.268      -1.245     0.709          0.61
58                   |  0.457      -0.170     1.083          1.47
59                   | -0.115      -1.054     0.824          0.65
60                   |  0.419      -0.523     1.362          0.65
61                   |  1.200      -0.105     2.505          0.34
65                   |  0.731      -0.332     1.794          0.51
69                   |  0.879      -0.051     1.809          0.67
70                   |  1.271       0.455     2.087          0.87
74                   | -0.218      -1.189     0.753          0.61
75                   |  0.846      -0.551     2.243          0.30
76                   |  0.429      -0.639     1.496          0.51
77                   |  0.694      -0.113     1.502          0.88
84                   |  0.313      -0.419     1.046          1.08
90                   |  0.375      -0.648     1.398          0.55
91                   | -0.162      -1.015     0.692          0.79
93                   | -0.255      -1.236     0.727          0.60
95                   |  1.323       0.183     2.462          0.44
96                   |  1.018       0.503     1.533          2.18
98                   | -0.324      -1.148     0.501          0.85
99                   |  0.778      -0.386     1.942          0.43
102                  |  0.467      -0.652     1.585          0.46
104                  |  0.818      -0.054     1.691          0.76
105                  |  1.463       0.890     2.035          1.76
110                  | -0.253      -1.286     0.780          0.54
113                  |  1.375       0.359     2.391          0.56
118                  |  0.277      -0.999     1.553          0.35
119                  |  0.036      -0.523     0.595          1.85
122                  |  1.711       0.938     2.483          0.97
125                  |  0.898       0.153     1.644          1.04
130                  | -3.348      -5.109    -1.586          0.19
131                  | -1.964      -3.358    -0.570          0.30
133                  |  1.842       0.978     2.706          0.77
136                  |  0.000      -1.603     1.603          0.22
138                  | -0.600      -1.893     0.693          0.35
149                  |  0.357      -1.019     1.733          0.30
152                  |  0.759      -0.192     1.710          0.64
153                  |  0.615       0.053     1.178          1.83
155                  |  0.417      -0.773     1.607          0.41
159                  |  0.500      -0.514     1.514          0.56
166                  |  0.591       0.278     0.904          5.89
167                  |  1.037       0.507     1.567          2.06
168                  |  0.917       0.421     1.412          2.35
171                  |  0.226      -0.249     0.701          2.56
172                  |  0.286      -0.045     0.616          5.28
173                  |  0.034      -1.043     1.112          0.50
176                  |  0.288      -0.822     1.398          0.47
177                  | -0.177      -2.008     1.655          0.17
179                  |  0.444      -0.350     1.239          0.91
180                  |  0.452      -0.198     1.103          1.36
181                  | -0.435      -1.676     0.807          0.37
184                  | -0.126      -1.432     1.180          0.34
---------------------+---------------------------------------------------
I-V pooled ES        |  0.475       0.399     0.551        100.00
---------------------+---------------------------------------------------

  Heterogeneity chi-squared = 150.95 (d.f. = 72) p = 0.000
  I-squared (variation in ES attributable to heterogeneity) =  52.3%

  Test of ES=0 : z=  12.26 p = 0.000

. metan ivests sefdm if sel1==1, nograph

           Study     |     ES    [95% Conf. Interval]     % Weight
---------------------+---------------------------------------------------
1                    |  0.364      -0.448     1.175          0.85
3                    |  0.395      -0.103     0.892          2.27
5                    | -0.347      -0.951     0.257          1.54
6                    |  0.353      -0.626     1.332          0.59
8                    |  0.587       0.376     0.799         12.58
9                    |  1.120      -0.367     2.607          0.25
10                   |  0.082      -1.194     1.358          0.34
14                   |  0.571      -0.342     1.485          0.67
15                   | -1.148      -2.281    -0.015          0.44
18                   | -0.016      -0.658     0.625          1.36
19                   |  0.292       0.040     0.543          8.88
20                   |  0.457       0.187     0.727          7.71
23                   |  0.753       0.356     1.150          3.56
24                   |  0.591      -0.374     1.556          0.60
25                   |  0.708      -0.524     1.941          0.37
26                   |  0.653      -0.368     1.674          0.54
28                   | -0.316      -1.434     0.803          0.45
31                   | -0.332      -1.572     0.908          0.36
33                   | -1.417      -2.933     0.099          0.24
36                   |  0.667      -0.376     1.709          0.52
42                   |  1.833       0.640     3.027          0.39
56                   |  0.452       0.071     0.833          3.87
57                   | -0.268      -1.242     0.706          0.59
58                   |  0.457      -0.165     1.078          1.45
59                   | -0.115      -1.054     0.824          0.64
60                   |  0.419      -0.517     1.356          0.64
61                   |  1.200      -0.041     2.441          0.36
65                   |  0.731      -0.313     1.775          0.52
69                   |  0.879      -0.030     1.787          0.68
70                   |  1.271       0.496     2.045          0.94
74                   | -0.218      -1.187     0.752          0.60
75                   |  0.846      -0.535     2.228          0.29
76                   |  0.429      -0.636     1.493          0.50
77                   |  0.694      -0.101     1.490          0.89
84                   |  0.313      -0.416     1.043          1.05
90                   |  0.375      -0.642     1.392          0.54
91                   | -0.162      -1.014     0.691          0.77
93                   | -0.255      -1.234     0.724          0.59
95                   |  1.323       0.246     2.399          0.48
96                   |  1.018       0.521     1.515          2.27
98                   | -0.324      -1.145     0.498          0.83
99                   |  0.778      -0.359     1.915          0.43
102                  |  0.467      -0.643     1.577          0.46
104                  |  0.818      -0.034     1.671          0.77
105                  |  1.463       0.924     2.001          1.94
110                  | -0.253      -1.284     0.777          0.53
113                  |  1.375       0.417     2.333          0.61
118                  |  0.277      -0.998     1.552          0.35
119                  |  0.036      -0.523     0.595          1.79
122                  |  1.711       1.005     2.416          1.13
125                  |  0.898       0.174     1.622          1.07
130                  | -3.348      -4.728    -1.967          0.29
131                  | -1.964      -3.191    -0.737          0.37
133                  |  1.842       1.069     2.615          0.94
136                  |  0.000      -1.603     1.603          0.22
138                  | -0.600      -1.885     0.685          0.34
149                  |  0.357      -1.015     1.729          0.30
152                  |  0.759      -0.172     1.689          0.65
153                  |  0.615       0.060     1.171          1.82
155                  |  0.417      -0.766     1.600          0.40
159                  |  0.500      -0.506     1.506          0.55
166                  |  0.591       0.279     0.902          5.79
167                  |  1.037       0.526     1.548          2.15
168                  |  0.917       0.434     1.400          2.40
171                  |  0.226      -0.248     0.701          2.49
172                  |  0.286      -0.045     0.616          5.14
173                  |  0.034      -1.043     1.112          0.48
176                  |  0.288      -0.819     1.395          0.46
177                  | -0.177      -2.008     1.654          0.17
179                  |  0.444      -0.345     1.234          0.90
180                  |  0.452      -0.194     1.099          1.34
181                  | -0.435      -1.669     0.800          0.37
184                  | -0.126      -1.432     1.180          0.33
---------------------+---------------------------------------------------
I-V pooled ES        |  0.482       0.407     0.556        100.00
---------------------+---------------------------------------------------

  Heterogeneity chi-squared = 176.25 (d.f. = 72) p = 0.000
  I-squared (variation in ES attributable to heterogeneity) =  59.1%

  Test of ES=0 : z=  12.60 p = 0.000

. 
. metan ivests se if sel1==1, random nograph

           Study     |     ES    [95% Conf. Interval]     % Weight
---------------------+---------------------------------------------------
1                    |  0.364      -0.452     1.179          1.43
3                    |  0.395      -0.105     0.894          2.25
5                    | -0.347      -0.953     0.259          1.94
6                    |  0.353      -0.631     1.337          1.13
8                    |  0.587       0.374     0.801          3.13
9                    |  1.120      -0.408     2.648          0.58
10                   |  0.082      -1.195     1.358          0.78
14                   |  0.571      -0.351     1.494          1.23
15                   | -1.148      -2.333     0.036          0.87
18                   | -0.016      -0.658     0.625          1.84
19                   |  0.292       0.039     0.544          3.03
20                   |  0.457       0.186     0.729          2.97
23                   |  0.753       0.349     1.157          2.56
24                   |  0.591      -0.382     1.563          1.15
25                   |  0.708      -0.544     1.960          0.80
26                   |  0.653      -0.382     1.688          1.06
28                   | -0.316      -1.438     0.806          0.94
31                   | -0.332      -1.577     0.913          0.81
33                   | -1.417      -3.007     0.174          0.55
36                   |  0.667      -0.391     1.724          1.03
42                   |  1.833       0.511     3.156          0.74
56                   |  0.452       0.069     0.836          2.62
57                   | -0.268      -1.245     0.709          1.15
58                   |  0.457      -0.170     1.083          1.89
59                   | -0.115      -1.054     0.824          1.21
60                   |  0.419      -0.523     1.362          1.20
61                   |  1.200      -0.105     2.505          0.75
65                   |  0.731      -0.332     1.794          1.02
69                   |  0.879      -0.051     1.809          1.22
70                   |  1.271       0.455     2.087          1.43
74                   | -0.218      -1.189     0.753          1.15
75                   |  0.846      -0.551     2.243          0.68
76                   |  0.429      -0.639     1.496          1.01
77                   |  0.694      -0.113     1.502          1.45
84                   |  0.313      -0.419     1.046          1.62
90                   |  0.375      -0.648     1.398          1.08
91                   | -0.162      -1.015     0.692          1.36
93                   | -0.255      -1.236     0.727          1.14
95                   |  1.323       0.183     2.462          0.92
96                   |  1.018       0.503     1.533          2.21
98                   | -0.324      -1.148     0.501          1.42
99                   |  0.778      -0.386     1.942          0.89
102                  |  0.467      -0.652     1.585          0.95
104                  |  0.818      -0.054     1.691          1.32
105                  |  1.463       0.890     2.035          2.04
110                  | -0.253      -1.286     0.780          1.06
113                  |  1.375       0.359     2.391          1.09
118                  |  0.277      -0.999     1.553          0.78
119                  |  0.036      -0.523     0.595          2.07
122                  |  1.711       0.938     2.483          1.52
125                  |  0.898       0.153     1.644          1.59
130                  | -3.348      -5.109    -1.586          0.46
131                  | -1.964      -3.358    -0.570          0.68
133                  |  1.842       0.978     2.706          1.34
136                  |  0.000      -1.603     1.603          0.54
138                  | -0.600      -1.893     0.693          0.76
149                  |  0.357      -1.019     1.733          0.69
152                  |  0.759      -0.192     1.710          1.19
153                  |  0.615       0.053     1.178          2.07
155                  |  0.417      -0.773     1.607          0.87
159                  |  0.500      -0.514     1.514          1.09
166                  |  0.591       0.278     0.904          2.85
167                  |  1.037       0.507     1.567          2.16
168                  |  0.917       0.421     1.412          2.27
171                  |  0.226      -0.249     0.701          2.33
172                  |  0.286      -0.045     0.616          2.79
173                  |  0.034      -1.043     1.112          1.00
176                  |  0.288      -0.822     1.398          0.96
177                  | -0.177      -2.008     1.655          0.43
179                  |  0.444      -0.350     1.239          1.48
180                  |  0.452      -0.198     1.103          1.82
181                  | -0.435      -1.676     0.807          0.81
184                  | -0.126      -1.432     1.180          0.75
---------------------+---------------------------------------------------
D+L pooled ES        |  0.438       0.310     0.566        100.00
---------------------+---------------------------------------------------

  Heterogeneity chi-squared = 150.95 (d.f. = 72) p = 0.000
  I-squared (variation in ES attributable to heterogeneity) =  52.3%
  Estimate of between-study variance Tau-squared =  0.1243

  Test of ES=0 : z=   6.71 p = 0.000

. metan ivests se if sel1==1, randomi nograph

           Study     |     ES    [95% Conf. Interval]     % Weight
---------------------+---------------------------------------------------
1                    |  0.364      -0.452     1.179          1.43
3                    |  0.395      -0.105     0.894          2.25
5                    | -0.347      -0.953     0.259          1.94
6                    |  0.353      -0.631     1.337          1.13
8                    |  0.587       0.374     0.801          3.13
9                    |  1.120      -0.408     2.648          0.58
10                   |  0.082      -1.195     1.358          0.78
14                   |  0.571      -0.351     1.494          1.23
15                   | -1.148      -2.333     0.036          0.87
18                   | -0.016      -0.658     0.625          1.84
19                   |  0.292       0.039     0.544          3.03
20                   |  0.457       0.186     0.729          2.97
23                   |  0.753       0.349     1.157          2.56
24                   |  0.591      -0.382     1.563          1.15
25                   |  0.708      -0.544     1.960          0.80
26                   |  0.653      -0.382     1.688          1.06
28                   | -0.316      -1.438     0.806          0.94
31                   | -0.332      -1.577     0.913          0.81
33                   | -1.417      -3.007     0.174          0.55
36                   |  0.667      -0.391     1.724          1.03
42                   |  1.833       0.511     3.156          0.74
56                   |  0.452       0.069     0.836          2.62
57                   | -0.268      -1.245     0.709          1.15
58                   |  0.457      -0.170     1.083          1.89
59                   | -0.115      -1.054     0.824          1.21
60                   |  0.419      -0.523     1.362          1.20
61                   |  1.200      -0.105     2.505          0.75
65                   |  0.731      -0.332     1.794          1.02
69                   |  0.879      -0.051     1.809          1.22
70                   |  1.271       0.455     2.087          1.43
74                   | -0.218      -1.189     0.753          1.15
75                   |  0.846      -0.551     2.243          0.68
76                   |  0.429      -0.639     1.496          1.01
77                   |  0.694      -0.113     1.502          1.45
84                   |  0.313      -0.419     1.046          1.62
90                   |  0.375      -0.648     1.398          1.08
91                   | -0.162      -1.015     0.692          1.36
93                   | -0.255      -1.236     0.727          1.14
95                   |  1.323       0.183     2.462          0.92
96                   |  1.018       0.503     1.533          2.21
98                   | -0.324      -1.148     0.501          1.42
99                   |  0.778      -0.386     1.942          0.89
102                  |  0.467      -0.652     1.585          0.95
104                  |  0.818      -0.054     1.691          1.32
105                  |  1.463       0.890     2.035          2.04
110                  | -0.253      -1.286     0.780          1.06
113                  |  1.375       0.359     2.391          1.09
118                  |  0.277      -0.999     1.553          0.78
119                  |  0.036      -0.523     0.595          2.07
122                  |  1.711       0.938     2.483          1.52
125                  |  0.898       0.153     1.644          1.59
130                  | -3.348      -5.109    -1.586          0.46
131                  | -1.964      -3.358    -0.570          0.68
133                  |  1.842       0.978     2.706          1.34
136                  |  0.000      -1.603     1.603          0.54
138                  | -0.600      -1.893     0.693          0.76
149                  |  0.357      -1.019     1.733          0.69
152                  |  0.759      -0.192     1.710          1.19
153                  |  0.615       0.053     1.178          2.07
155                  |  0.417      -0.773     1.607          0.87
159                  |  0.500      -0.514     1.514          1.09
166                  |  0.591       0.278     0.904          2.85
167                  |  1.037       0.507     1.567          2.16
168                  |  0.917       0.421     1.412          2.27
171                  |  0.226      -0.249     0.701          2.33
172                  |  0.286      -0.045     0.616          2.79
173                  |  0.034      -1.043     1.112          1.00
176                  |  0.288      -0.822     1.398          0.96
177                  | -0.177      -2.008     1.655          0.43
179                  |  0.444      -0.350     1.239          1.48
180                  |  0.452      -0.198     1.103          1.82
181                  | -0.435      -1.676     0.807          0.81
184                  | -0.126      -1.432     1.180          0.75
---------------------+---------------------------------------------------
D+L pooled ES        |  0.438       0.310     0.566        100.00
---------------------+---------------------------------------------------

  Heterogeneity chi-squared = 150.95 (d.f. = 72) p = 0.000
  I-squared (variation in ES attributable to heterogeneity) =  52.3%
  Estimate of between-study variance Tau-squared =  0.1243

  Test of ES=0 : z=   6.71 p = 0.000

. 
. ** norescale
. mregger chdbeta ldlcbeta [aw=1/chdse^2] if sel1==1, ivw

                                                      Number of genotypes = 73
------------------------------------------------------------------------------
             |      Coef.   Std. Err.      z    P>|z|     [95% Conf. Interval]
-------------+----------------------------------------------------------------
chdbeta      |
    ldlcbeta |   .4815055   .0597994     8.05   0.000     .3643009    .5987101
------------------------------------------------------------------------------

. mregger chdbeta ldlcbeta [aw=1/chdse^2] if sel1==1, ivw norescale

                                                      Number of genotypes = 73
------------------------------------------------------------------------------
             |      Coef.   Std. Err.      z    P>|z|     [95% Conf. Interval]
-------------+----------------------------------------------------------------
chdbeta      |
    ldlcbeta |   .4815055   .0597994     8.05   0.000     .3643009    .5987101
------------------------------------------------------------------------------

. 
. mregger chdbeta ldlcbeta [aw=1/chdse^2] if sel1==1

                                                      Number of genotypes = 73
------------------------------------------------------------------------------
             |      Coef.   Std. Err.      z    P>|z|     [95% Conf. Interval]
-------------+----------------------------------------------------------------
sign(ldlcb~a)|
chdbeta      |
       slope |   .6173131   .1034573     5.97   0.000     .4145405    .8200858
       _cons |  -.0087706   .0054812    -1.60   0.110    -.0195136    .0019723
------------------------------------------------------------------------------
Residual standard error:  1.548

. mregger chdbeta ldlcbeta [aw=1/chdse^2] if sel1==1, norescale

                                                      Number of genotypes = 73
------------------------------------------------------------------------------
             |      Coef.   Std. Err.      z    P>|z|     [95% Conf. Interval]
-------------+----------------------------------------------------------------
sign(ldlcb~a)|
chdbeta      |
       slope |   .6173131   .1034573     5.97   0.000     .4145405    .8200858
       _cons |  -.0087706   .0054812    -1.60   0.110    -.0195136    .0019723
------------------------------------------------------------------------------
Residual standard error:  1.548

. 
. gen double chdbeta2 = chdbeta/100

. mregger chdbeta2 ldlcbeta [aw=1/chdse^2] if sel1==1, ivw
Residual variance = .00024479; rerunning with residual variance set to 1

                                                      Number of genotypes = 73
------------------------------------------------------------------------------
             |      Coef.   Std. Err.      z    P>|z|     [95% Conf. Interval]
-------------+----------------------------------------------------------------
chdbeta2     |
    ldlcbeta |   .0048151    .038221     0.13   0.900    -.0700967    .0797268
------------------------------------------------------------------------------

. mregger chdbeta2 ldlcbeta [aw=1/chdse^2] if sel1==1, ivw norescale
Residual variance = .00024479; recommend refitting without norescale option

                                                      Number of genotypes = 73
------------------------------------------------------------------------------
             |      Coef.   Std. Err.      z    P>|z|     [95% Conf. Interval]
-------------+----------------------------------------------------------------
chdbeta2     |
    ldlcbeta |   .0048151    .000598     8.05   0.000      .003643    .0059871
------------------------------------------------------------------------------

. mregger chdbeta2 ldlcbeta [aw=1/chdse^2] if sel1==1
Residual variance = .0002396; rerunning with residual variance set to 1

                                                      Number of genotypes = 73
------------------------------------------------------------------------------
             |      Coef.   Std. Err.      z    P>|z|     [95% Conf. Interval]
-------------+----------------------------------------------------------------
sign(ldlcb~a)|
chdbeta2     |
       slope |   .0061731   .0668378     0.09   0.926    -.1248266    .1371729
       _cons |  -.0000877   .0035411    -0.02   0.980    -.0070281    .0068527
------------------------------------------------------------------------------
Residual standard error:  0.015

. mregger chdbeta2 ldlcbeta [aw=1/chdse^2] if sel1==1, norescale
Residual variance = .0002396; recommend refitting without norescale option

                                                      Number of genotypes = 73
------------------------------------------------------------------------------
             |      Coef.   Std. Err.      z    P>|z|     [95% Conf. Interval]
-------------+----------------------------------------------------------------
sign(ldlcb~a)|
chdbeta2     |
       slope |   .0061731   .0010346     5.97   0.000     .0041454    .0082009
       _cons |  -.0000877   .0000548    -1.60   0.110    -.0001951    .0000197
------------------------------------------------------------------------------
Residual standard error:  0.015

. 
. ** penweighted
. mregger chdbeta ldlcbeta [aw=1/chdse^2] if sel1==1, ivw penweighted

                                                      Number of genotypes = 73
------------------------------------------------------------------------------
             |      Coef.   Std. Err.      z    P>|z|     [95% Conf. Interval]
-------------+----------------------------------------------------------------
chdbeta      |
    ldlcbeta |   .4650819   .0399012    11.66   0.000      .386877    .5432867
------------------------------------------------------------------------------

. mregger chdbeta ldlcbeta [aw=1/chdse^2] if sel1==1, penweighted
Residual variance = .97685468; rerunning with residual variance set to 1

                                                      Number of genotypes = 73
------------------------------------------------------------------------------
             |      Coef.   Std. Err.      z    P>|z|     [95% Conf. Interval]
-------------+----------------------------------------------------------------
sign(ldlcb~a)|
chdbeta      |
       slope |   .5274159   .0681008     7.74   0.000     .3939408    .6608911
       _cons |  -.0050223   .0036849    -1.36   0.173    -.0122446    .0022001
------------------------------------------------------------------------------
Residual standard error:  0.988

. 
. ** penweighted norescale
. mregger chdbeta2 ldlcbeta [aw=1/chdse^2] if sel1==1, ivw penweighted
Residual variance = .00024479; rerunning with residual variance set to 1

                                                      Number of genotypes = 73
------------------------------------------------------------------------------
             |      Coef.   Std. Err.      z    P>|z|     [95% Conf. Interval]
-------------+----------------------------------------------------------------
chdbeta2     |
    ldlcbeta |   .0048151    .038221     0.13   0.900    -.0700967    .0797268
------------------------------------------------------------------------------

. mregger chdbeta2 ldlcbeta [aw=1/chdse^2] if sel1==1, ivw penweighted norescale
Residual variance = .00024479; recommend refitting without norescale option

                                                      Number of genotypes = 73
------------------------------------------------------------------------------
             |      Coef.   Std. Err.      z    P>|z|     [95% Conf. Interval]
-------------+----------------------------------------------------------------
chdbeta2     |
    ldlcbeta |   .0048151    .000598     8.05   0.000      .003643    .0059871
------------------------------------------------------------------------------

. mregger chdbeta2 ldlcbeta [aw=1/chdse^2] if sel1==1, penweighted
Residual variance = .0002396; rerunning with residual variance set to 1

                                                      Number of genotypes = 73
------------------------------------------------------------------------------
             |      Coef.   Std. Err.      z    P>|z|     [95% Conf. Interval]
-------------+----------------------------------------------------------------
sign(ldlcb~a)|
chdbeta2     |
       slope |   .0061731   .0668378     0.09   0.926    -.1248266    .1371729
       _cons |  -.0000877   .0035411    -0.02   0.980    -.0070281    .0068527
------------------------------------------------------------------------------
Residual standard error:  0.015

. mregger chdbeta2 ldlcbeta [aw=1/chdse^2] if sel1==1, penweighted norescale
Residual variance = .0002396; recommend refitting without norescale option

                                                      Number of genotypes = 73
------------------------------------------------------------------------------
             |      Coef.   Std. Err.      z    P>|z|     [95% Conf. Interval]
-------------+----------------------------------------------------------------
sign(ldlcb~a)|
chdbeta2     |
       slope |   .0061731   .0010346     5.97   0.000     .0041454    .0082009
       _cons |  -.0000877   .0000548    -1.60   0.110    -.0001951    .0000197
------------------------------------------------------------------------------
Residual standard error:  0.015

. 
. ** gxse
. mregger chdbeta ldlcbeta [aw=1/chdse^2] if sel1==1, gxse(ldlcse)

                                                      Number of genotypes = 73
------------------------------------------------------------------------------
             |      Coef.   Std. Err.      z    P>|z|     [95% Conf. Interval]
-------------+----------------------------------------------------------------
sign(ldlcb~a)|
chdbeta      |
       slope |   .6173131   .1034573     5.97   0.000     .4145405    .8200858
       _cons |  -.0087706   .0054812    -1.60   0.110    -.0195136    .0019723
------------------------------------------------------------------------------
Residual standard error:  1.548
I^2_GX statistic:  98.49%

. mregger chdbeta ldlcbeta [aw=1/chdse^2] if sel1==1, gxse(ldlcse) ivw

                                                      Number of genotypes = 73
------------------------------------------------------------------------------
             |      Coef.   Std. Err.      z    P>|z|     [95% Conf. Interval]
-------------+----------------------------------------------------------------
chdbeta      |
    ldlcbeta |   .4815055   .0597994     8.05   0.000     .3643009    .5987101
------------------------------------------------------------------------------

. mregger chdbeta ldlcbeta [aw=1/chdse^2] if sel1==1, gxse(ldlcse) penweighted
Residual variance = .97685468; rerunning with residual variance set to 1

                                                      Number of genotypes = 73
------------------------------------------------------------------------------
             |      Coef.   Std. Err.      z    P>|z|     [95% Conf. Interval]
-------------+----------------------------------------------------------------
sign(ldlcb~a)|
chdbeta      |
       slope |   .5274159   .0681008     7.74   0.000     .3939408    .6608911
       _cons |  -.0050223   .0036849    -1.36   0.173    -.0122446    .0022001
------------------------------------------------------------------------------
Residual standard error:  0.988
I^2_GX statistic:  97.92%

. mregger chdbeta ldlcbeta [aw=1/chdse^2] if sel1==1, gxse(ldlcse) ///
>         ivw penweighted

                                                      Number of genotypes = 73
------------------------------------------------------------------------------
             |      Coef.   Std. Err.      z    P>|z|     [95% Conf. Interval]
-------------+----------------------------------------------------------------
chdbeta      |
    ldlcbeta |   .4650819   .0399012    11.66   0.000      .386877    .5432867
------------------------------------------------------------------------------

. 
. * testing less than 3 observations error message        
. rcof "mregger chdbeta ldlcbeta [aw=1/(chdse^2)] in 1/2" == 2001 

. rcof "mregger chdbeta ldlcbeta [aw=1/(chdse^2)] in 1" == 2001 

. 
. // radial IVW
. discard

. mregger chdbeta ldlcbeta [aw=1/chdse^2] if sel1==1, ivw radial

                                                      Number of genotypes = 73
------------------------------------------------------------------------------
             |      Coef.   Std. Err.      z    P>|z|     [95% Conf. Interval]
-------------+----------------------------------------------------------------
radialGD     |
    radialGP |   .4815055   .0597994     8.05   0.000     .3643009    .5987101
------------------------------------------------------------------------------

. assert abs(_b[radialGP] - .482) < 1e-3

. assert abs(_se[radialGP] - 0.059) < 1e-3

. 
. // radial IVW fe SEs
. discard

. mregger chdbeta ldlcbeta [aw=1/chdse^2] if sel1==1, ivw radial fe

                                                      Number of genotypes = 73
------------------------------------------------------------------------------
             |      Coef.   Std. Err.      z    P>|z|     [95% Conf. Interval]
-------------+----------------------------------------------------------------
radialGD     |
    radialGP |   .4815055    .038221    12.60   0.000     .4065938    .5564173
------------------------------------------------------------------------------

. assert abs(_b[radialGP] - .482) < 1e-3

. assert abs(_se[radialGP] - .038) < 1e-3

. eret list

scalars:
               e(df_r) =  .
                  e(k) =  73

macros:
            e(cmdline) : "mregger chdbeta ldlcbeta [aw=1/chdse^2] if sel1==1, ivw radial fe"
                e(cmd) : "mregger"
         e(properties) : "b V"

matrices:
                  e(b) :  1 x 1
                  e(V) :  1 x 1

. 
. // radial IVW re
. discard

. mregger chdbeta ldlcbeta [aw=1/chdse^2] if sel1==1, ivw radial re

                                                      Number of genotypes = 73
---------------------------------------------------------------------------------
                |      Coef.   Std. Err.      z    P>|z|     [95% Conf. Interval]
----------------+----------------------------------------------------------------
radialGD        |
       radialGP |   .4174657   .0763786     5.47   0.000     .2677665    .5671649
                |
 c.radialGP#c.M |          1          .        .       .            .           .
----------------+----------------------------------------------------------------
          var(M)|   .2183501     .07821     2.79   0.005     .0650613    .3716389
 var(e.radialGD)|          1          .        .       .            .           .
---------------------------------------------------------------------------------

. //assert abs(_b[radialGP] - .417) < 1e-3
. //assert abs(_se[radialGP] - .076) < 1e-3
. eret list

scalars:
               e(df_r) =  .
                  e(k) =  73

macros:
         e(properties) : "b V"

matrices:
                  e(b) :  1 x 5
                  e(V) :  5 x 5

. 
. // radial MR-Egger
. discard

. mregger chdbeta ldlcbeta [aw=1/chdse^2] if sel1==1, radial

                                                      Number of genotypes = 73
------------------------------------------------------------------------------
             |      Coef.   Std. Err.      z    P>|z|     [95% Conf. Interval]
-------------+----------------------------------------------------------------
radialGD     |
    radialGP |    .642582   .1157871     5.55   0.000     .4156434    .8695205
       _cons |  -.5737301   .3545658    -1.62   0.106    -1.268666    .1212062
------------------------------------------------------------------------------
Residual standard error:  1.547

. assert abs(_b[radialGP] - .642) < 1e-3

. assert abs(_se[radialGP] - .115) < 1e-3

. assert abs(_b[_cons] - -.573) < 1e-3

. assert abs(_se[_cons] - .354) < 1e-3

. 
. // radial MR-Egger fe
. discard

. mregger chdbeta ldlcbeta [aw=1/chdse^2] if sel1==1, radial fe

                                                      Number of genotypes = 73
------------------------------------------------------------------------------
             |      Coef.   Std. Err.      z    P>|z|     [95% Conf. Interval]
-------------+----------------------------------------------------------------
radialGD     |
    radialGP |    .642582   .0748328     8.59   0.000     .4959124    .7892515
       _cons |  -.5737301   .2291547    -2.50   0.012    -1.022865   -.1245952
------------------------------------------------------------------------------
Residual standard error: 1

. assert abs(_b[radialGP] - .642) < 1e-3

. assert abs(_se[radialGP] - .074) < 1e-3

. assert abs(_b[_cons] - -.573) < 1e-3

. assert abs(_se[_cons] - .229) < 1e-3

. 
. // radial MR-Egger re
. discard

. mregger chdbeta ldlcbeta [aw=1/chdse^2] if sel1==1, radial re

                                                      Number of genotypes = 73
---------------------------------------------------------------------------------
                |      Coef.   Std. Err.      z    P>|z|     [95% Conf. Interval]
----------------+----------------------------------------------------------------
radialGD        |
       radialGP |   .6238673   .1065307     5.86   0.000      .415071    .8326636
          _cons |  -.5235845   .3423505    -1.53   0.126    -1.194579    .1474101
                |
   c._cons#c.M1 |          1          .        .       .            .           .
                |
c.radialGP#c.M2 |          1          .        .       .            .           .
----------------+----------------------------------------------------------------
         var(M1)|   1.603701    .006829   234.84   0.000     1.590316    1.617086
         var(M2)|   .0016864   5.27e-06   320.21   0.000     .0016761    .0016967
      cov(M1,M2)|   -.052005   .0000371 -1401.66   0.000    -.0520777   -.0519323
 var(e.radialGD)|          1          .        .       .            .           .
---------------------------------------------------------------------------------

. assert abs(_b[radialGP] - .623) < 1e-3

. assert abs(_se[radialGP] - .106) < 1e-3

. assert abs(_b[_cons] - -.523) < 1e-3

. assert abs(_se[_cons] - .342) < 1e-3

. 
. // disallow penweighted and radial for now
. discard 

. rcof "noi mregger chdbeta ldlcbeta [aw=1/chdse^2] if sel1==1, radial penweighted" ///
>         == 198
Options radial and penweighted currently not supported.

. 
. // mregger with radial formulation and tdist
. discard

. mregger chdbeta ldlcbeta [aw=1/chdse^2] if sel1==1, radial tdist

                                                      Number of genotypes = 73
------------------------------------------------------------------------------
             |      Coef.   Std. Err.      t    P>|t|     [95% Conf. Interval]
-------------+----------------------------------------------------------------
radialGD     |
    radialGP |    .642582   .1157871     5.55   0.000     .4117091    .8734549
       _cons |  -.5737301   .3545658    -1.62   0.110    -1.280714    .1332541
------------------------------------------------------------------------------
Residual standard error:  1.547

. assert abs(_b[radialGP] - .642) < 1e-3

. assert abs(_se[radialGP] - .115) < 1e-3

. assert abs(_b[_cons] - -.573) < 1e-3

. assert abs(_se[_cons] - .354) < 1e-3

. 
. // radial and heterogi
. discard

. mregger chdbeta ldlcbeta [aw=1/chdse^2] if sel1==1, radial heterogi

                                                      Number of genotypes = 73
------------------------------------------------------------------------------
             |      Coef.   Std. Err.      z    P>|z|     [95% Conf. Interval]
-------------+----------------------------------------------------------------
radialGD     |
    radialGP |    .642582   .1157871     5.55   0.000     .4156434    .8695205
       _cons |  -.5737301   .3545658    -1.62   0.106    -1.268666    .1212062
------------------------------------------------------------------------------
Residual standard error:  1.547
Heterogeneity/pleiotropy statistics:
------------------------------------------------------
Statistic |       Estimate        [95% Conf. Interval]
----------+-------------------------------------------
        H |          1.5               1.4    1.8     
      I^2 |          58                 46    68      
------------------------------------------------------
Q-test = 169.97877 d.f. = 71 p-value = 0.0000

. assert abs(e(Q) - 169.97) < 1e-2

. 
. // radial and i2gx
. discard

. mregger chdbeta ldlcbeta [aw=1/chdse^2] if sel1==1, radial gxse(ldlcse)

                                                      Number of genotypes = 73
------------------------------------------------------------------------------
             |      Coef.   Std. Err.      z    P>|z|     [95% Conf. Interval]
-------------+----------------------------------------------------------------
radialGD     |
    radialGP |    .642582   .1157871     5.55   0.000     .4156434    .8695205
       _cons |  -.5737301   .3545658    -1.62   0.106    -1.268666    .1212062
------------------------------------------------------------------------------
Residual standard error:  1.547
I^2_GX statistic:  98.49%

. //assert abs(e(Q) - 169.97) < 1e-2
. 
. 
. 
end of do-file

. log close
      name:  <unnamed>
       log:  C:\Users\palmertm\Documents\all\work\mregger\code/cscripts/mregger_cscript.log
  log type:  text
 closed on:  25 Apr 2018, 16:52:49
----------------------------------------------------------------------------------------------------
