-------------------------------------------------------------------------------
      name:  mrfunnel
       log:  C:\Users\palmertm\Documents\GitHub\mrrobust\cscripts\mrfunnel.log
  log type:  text
 opened on:  26 Feb 2020, 12:34:17

. * mrfunnel testcode
. * 29aug2017
. 
. cscript mrfunnel adofiles mrfunnel
-----------------------------------------------------------------BEGIN mrfunnel

-> which mrfunnel, usesysdir
c:\ado\plus\m\mrfunnel.ado
*! 0.1.0 Tom Palmer 29aug2017

. 
. use https://raw.github.com/remlapmot/mrrobust/master/dodata.dta, clear

. 
. gen byte sel1 = (ldlcp2 < 1e-8)

. 
. // web figure a2 of bowden et al., gen epi, 2016
. mrfunnel chdbeta chdse ldlcbeta ldlcse if sel1==1

. 
. mrfunnel chdbeta chdse ldlcbeta ldlcse if sel1==1, metric(gpbeta)

. 
. mrfunnel chdbeta chdse ldlcbeta ldlcse if sel1==1, metric(gpbetastd)

. 
. mrfunnel chdbeta chdse ldlcbeta ldlcse if sel1==1, metric(invse)

. 
. mrfunnel chdbeta chdse ldlcbeta ldlcse if sel1==1, noivw

. 
. mrfunnel chdbeta chdse ldlcbeta ldlcse if sel1==1, nomregger

. 
. mrfunnel chdbeta chdse ldlcbeta ldlcse if sel1==1, noivw nomregger

. 
. mrfunnel chdbeta chdse ldlcbeta ldlcse if sel1==1, xscale(range(-4 4))

. 
. mrfunnel chdbeta chdse ldlcbeta ldlcse if sel1==1, yscale(range(0 .6))

. 
. mrfunnel chdbeta chdse ldlcbeta ldlcse if sel1==1, mc(red)

. 
end of do-file
      name:  mrfunnel
       log:  C:\Users\palmertm\Documents\GitHub\mrrobust\cscripts\mrfunnel.log
  log type:  text
 closed on:  26 Feb 2020, 12:34:30
-------------------------------------------------------------------------------
